{"/Users/yiming/git/zenstack/zenstack/packages/runtime/src/handler/data/query-processor.ts": {"path":"/Users/yiming/git/zenstack/zenstack/packages/runtime/src/handler/data/query-processor.ts","all":false,"statementMap":{"0":{"start":{"line":1,"column":0},"end":{"line":1,"column":32}},"1":{"start":{"line":2,"column":0},"end":{"line":2,"column":73}},"2":{"start":{"line":3,"column":0},"end":{"line":3,"column":0}},"3":{"start":{"line":4,"column":0},"end":{"line":4,"column":29}},"4":{"start":{"line":5,"column":0},"end":{"line":5,"column":53}},"5":{"start":{"line":6,"column":0},"end":{"line":6,"column":0}},"6":{"start":{"line":7,"column":0},"end":{"line":7,"column":27}},"7":{"start":{"line":8,"column":0},"end":{"line":8,"column":22}},"8":{"start":{"line":9,"column":0},"end":{"line":9,"column":18}},"9":{"start":{"line":10,"column":0},"end":{"line":10,"column":39}},"10":{"start":{"line":11,"column":0},"end":{"line":11,"column":29}},"11":{"start":{"line":12,"column":0},"end":{"line":12,"column":7}},"12":{"start":{"line":13,"column":0},"end":{"line":13,"column":45}},"13":{"start":{"line":14,"column":0},"end":{"line":14,"column":78}},"14":{"start":{"line":15,"column":0},"end":{"line":15,"column":20}},"15":{"start":{"line":16,"column":0},"end":{"line":16,"column":27}},"16":{"start":{"line":17,"column":0},"end":{"line":17,"column":32}},"17":{"start":{"line":18,"column":0},"end":{"line":18,"column":20}},"18":{"start":{"line":19,"column":0},"end":{"line":19,"column":27}},"19":{"start":{"line":20,"column":0},"end":{"line":20,"column":42}},"20":{"start":{"line":21,"column":0},"end":{"line":21,"column":18}},"21":{"start":{"line":22,"column":0},"end":{"line":22,"column":13}},"22":{"start":{"line":23,"column":0},"end":{"line":23,"column":9}},"23":{"start":{"line":24,"column":0},"end":{"line":24,"column":0}},"24":{"start":{"line":25,"column":0},"end":{"line":25,"column":36}},"25":{"start":{"line":26,"column":0},"end":{"line":26,"column":60}},"26":{"start":{"line":27,"column":0},"end":{"line":27,"column":62}},"27":{"start":{"line":28,"column":0},"end":{"line":28,"column":71}},"28":{"start":{"line":29,"column":0},"end":{"line":29,"column":80}},"29":{"start":{"line":30,"column":0},"end":{"line":30,"column":53}},"30":{"start":{"line":31,"column":0},"end":{"line":31,"column":91}},"31":{"start":{"line":32,"column":0},"end":{"line":32,"column":96}},"32":{"start":{"line":33,"column":0},"end":{"line":33,"column":67}},"33":{"start":{"line":34,"column":0},"end":{"line":34,"column":39}},"34":{"start":{"line":35,"column":0},"end":{"line":35,"column":52}},"35":{"start":{"line":36,"column":0},"end":{"line":36,"column":34}},"36":{"start":{"line":37,"column":0},"end":{"line":37,"column":31}},"37":{"start":{"line":38,"column":0},"end":{"line":38,"column":22}},"38":{"start":{"line":39,"column":0},"end":{"line":39,"column":52}},"39":{"start":{"line":40,"column":0},"end":{"line":40,"column":17}},"40":{"start":{"line":41,"column":0},"end":{"line":41,"column":13}},"41":{"start":{"line":42,"column":0},"end":{"line":42,"column":9}},"42":{"start":{"line":43,"column":0},"end":{"line":43,"column":0}},"43":{"start":{"line":44,"column":0},"end":{"line":44,"column":17}},"44":{"start":{"line":45,"column":0},"end":{"line":45,"column":5}},"45":{"start":{"line":46,"column":0},"end":{"line":46,"column":0}},"46":{"start":{"line":47,"column":0},"end":{"line":47,"column":22}},"47":{"start":{"line":48,"column":0},"end":{"line":48,"column":22}},"48":{"start":{"line":49,"column":0},"end":{"line":49,"column":23}},"49":{"start":{"line":50,"column":0},"end":{"line":50,"column":18}},"50":{"start":{"line":51,"column":0},"end":{"line":51,"column":39}},"51":{"start":{"line":52,"column":0},"end":{"line":52,"column":29}},"52":{"start":{"line":53,"column":0},"end":{"line":53,"column":8}},"53":{"start":{"line":54,"column":0},"end":{"line":54,"column":1}}},"s":{"0":1,"1":1,"2":1,"3":1,"4":1,"5":1,"6":1,"7":12,"8":12,"9":12,"10":12,"11":12,"12":12,"13":12,"14":12,"15":12,"16":9,"17":12,"18":3,"19":3,"20":3,"21":3,"22":12,"23":12,"24":12,"25":6,"26":6,"27":6,"28":8,"29":8,"30":4,"31":4,"32":4,"33":4,"34":4,"35":4,"36":4,"37":4,"38":4,"39":4,"40":8,"41":6,"42":12,"43":12,"44":12,"45":1,"46":1,"47":0,"48":0,"49":0,"50":0,"51":0,"52":0,"53":1},"branchMap":{"0":{"type":"branch","line":5,"loc":{"start":{"line":5,"column":4},"end":{"line":5,"column":53}},"locations":[{"start":{"line":5,"column":4},"end":{"line":5,"column":53}}]},"1":{"type":"branch","line":7,"loc":{"start":{"line":7,"column":10},"end":{"line":45,"column":5}},"locations":[{"start":{"line":7,"column":10},"end":{"line":45,"column":5}}]},"2":{"type":"branch","line":13,"loc":{"start":{"line":13,"column":40},"end":{"line":13,"column":44}},"locations":[{"start":{"line":13,"column":40},"end":{"line":13,"column":44}}]},"3":{"type":"branch","line":16,"loc":{"start":{"line":16,"column":26},"end":{"line":18,"column":19}},"locations":[{"start":{"line":16,"column":26},"end":{"line":18,"column":19}}]},"4":{"type":"branch","line":18,"loc":{"start":{"line":18,"column":13},"end":{"line":22,"column":13}},"locations":[{"start":{"line":18,"column":13},"end":{"line":22,"column":13}}]},"5":{"type":"branch","line":25,"loc":{"start":{"line":25,"column":21},"end":{"line":25,"column":33}},"locations":[{"start":{"line":25,"column":21},"end":{"line":25,"column":33}}]},"6":{"type":"branch","line":25,"loc":{"start":{"line":25,"column":35},"end":{"line":42,"column":9}},"locations":[{"start":{"line":25,"column":35},"end":{"line":42,"column":9}}]},"7":{"type":"branch","line":27,"loc":{"start":{"line":27,"column":39},"end":{"line":27,"column":50}},"locations":[{"start":{"line":27,"column":39},"end":{"line":27,"column":50}}]},"8":{"type":"branch","line":27,"loc":{"start":{"line":27,"column":51},"end":{"line":27,"column":61}},"locations":[{"start":{"line":27,"column":51},"end":{"line":27,"column":61}}]},"9":{"type":"branch","line":28,"loc":{"start":{"line":28,"column":70},"end":{"line":41,"column":13}},"locations":[{"start":{"line":28,"column":70},"end":{"line":41,"column":13}}]},"10":{"type":"branch","line":30,"loc":{"start":{"line":30,"column":29},"end":{"line":30,"column":50}},"locations":[{"start":{"line":30,"column":29},"end":{"line":30,"column":50}}]},"11":{"type":"branch","line":30,"loc":{"start":{"line":30,"column":52},"end":{"line":40,"column":17}},"locations":[{"start":{"line":30,"column":52},"end":{"line":40,"column":17}}]},"12":{"type":"branch","line":35,"loc":{"start":{"line":35,"column":39},"end":{"line":35,"column":43}},"locations":[{"start":{"line":35,"column":39},"end":{"line":35,"column":43}}]},"13":{"type":"branch","line":35,"loc":{"start":{"line":35,"column":44},"end":{"line":35,"column":51}},"locations":[{"start":{"line":35,"column":44},"end":{"line":35,"column":51}}]}},"b":{"0":[1],"1":[12],"2":[0],"3":[9],"4":[3],"5":[9],"6":[6],"7":[3],"8":[3],"9":[8],"10":[6],"11":[4],"12":[2],"13":[2]},"fnMap":{"0":{"name":"QueryProcessor","decl":{"start":{"line":5,"column":4},"end":{"line":5,"column":53}},"loc":{"start":{"line":5,"column":4},"end":{"line":5,"column":53}},"line":5},"1":{"name":"processQueryArgs","decl":{"start":{"line":7,"column":10},"end":{"line":45,"column":5}},"loc":{"start":{"line":7,"column":10},"end":{"line":45,"column":5}},"line":7},"2":{"name":"postProcess","decl":{"start":{"line":47,"column":10},"end":{"line":53,"column":8}},"loc":{"start":{"line":47,"column":10},"end":{"line":53,"column":8}},"line":47}},"f":{"0":1,"1":12,"2":0}}
}
