TN:
SF:src/handler/data/query-processor.ts
FN:5,QueryProcessor
FN:7,processQueryArgs
FN:47,postProcess
FNF:3
FNH:2
FNDA:1,QueryProcessor
FNDA:12,processQueryArgs
FNDA:0,postProcess
DA:1,1
DA:2,1
DA:3,1
DA:4,1
DA:5,1
DA:6,1
DA:7,1
DA:8,12
DA:9,12
DA:10,12
DA:11,12
DA:12,12
DA:13,12
DA:14,12
DA:15,12
DA:16,12
DA:17,9
DA:18,12
DA:19,3
DA:20,3
DA:21,3
DA:22,3
DA:23,12
DA:24,12
DA:25,12
DA:26,6
DA:27,6
DA:28,6
DA:29,8
DA:30,8
DA:31,4
DA:32,4
DA:33,4
DA:34,4
DA:35,4
DA:36,4
DA:37,4
DA:38,4
DA:39,4
DA:40,4
DA:41,8
DA:42,6
DA:43,12
DA:44,12
DA:45,12
DA:46,1
DA:47,1
DA:48,0
DA:49,0
DA:50,0
DA:51,0
DA:52,0
DA:53,0
DA:54,1
LF:54
LH:48
BRDA:5,0,0,1
BRDA:7,1,0,12
BRDA:13,2,0,0
BRDA:16,3,0,9
BRDA:18,4,0,3
BRDA:25,5,0,9
BRDA:25,6,0,6
BRDA:27,7,0,3
BRDA:27,8,0,3
BRDA:28,9,0,8
BRDA:30,10,0,6
BRDA:30,11,0,4
BRDA:35,12,0,2
BRDA:35,13,0,2
BRF:14
BRH:13
end_of_record
